Connecting to database specified by database.yml
  [1m[36m (0.1ms)[0m  [1mselect sqlite_version(*)[0m
  [1m[35m (2.0ms)[0m  CREATE TABLE "schema_migrations" ("version" varchar(255) NOT NULL) 
  [1m[36m (0.7ms)[0m  [1mCREATE UNIQUE INDEX "unique_schema_migrations" ON "schema_migrations" ("version")[0m
  [1m[35m (2.0ms)[0m  SELECT "schema_migrations"."version" FROM "schema_migrations" 
Migrating to CreateProjects (1)
  [1m[36m (0.0ms)[0m  [1mbegin transaction[0m
  [1m[35m (0.4ms)[0m  CREATE TABLE "projects" ("id" INTEGER PRIMARY KEY AUTOINCREMENT NOT NULL, "name" varchar(255), "description" text, "template" varchar(255), "created_at" datetime, "updated_at" datetime) 
  [1m[36m (0.1ms)[0m  [1mINSERT INTO "schema_migrations" ("version") VALUES ('1')[0m
  [1m[35m (0.6ms)[0m  commit transaction
Migrating to CreateStages (2)
  [1m[36m (0.1ms)[0m  [1mbegin transaction[0m
  [1m[35m (0.3ms)[0m  CREATE TABLE "stages" ("id" INTEGER PRIMARY KEY AUTOINCREMENT NOT NULL, "name" varchar(255), "project_id" integer, "created_at" datetime, "updated_at" datetime) 
  [1m[36m (0.1ms)[0m  [1mINSERT INTO "schema_migrations" ("version") VALUES ('2')[0m
  [1m[35m (0.5ms)[0m  commit transaction
Migrating to CreateRoles (3)
  [1m[36m (0.1ms)[0m  [1mbegin transaction[0m
  [1m[35m (0.5ms)[0m  CREATE TABLE "roles" ("id" INTEGER PRIMARY KEY AUTOINCREMENT NOT NULL, "name" varchar(255), "stage_id" integer, "host_id" integer, "primary" integer DEFAULT 0, "created_at" datetime, "updated_at" datetime) 
  [1m[36m (0.1ms)[0m  [1mINSERT INTO "schema_migrations" ("version") VALUES ('3')[0m
  [1m[35m (0.5ms)[0m  commit transaction
Migrating to CreateHosts (4)
  [1m[36m (0.0ms)[0m  [1mbegin transaction[0m
  [1m[35m (0.3ms)[0m  CREATE TABLE "hosts" ("id" INTEGER PRIMARY KEY AUTOINCREMENT NOT NULL, "name" varchar(255), "created_at" datetime, "updated_at" datetime) 
  [1m[36m (0.1ms)[0m  [1mINSERT INTO "schema_migrations" ("version") VALUES ('4')[0m
  [1m[35m (0.6ms)[0m  commit transaction
Migrating to CreateConfigurationParameters (5)
  [1m[36m (0.0ms)[0m  [1mbegin transaction[0m
  [1m[35m (0.3ms)[0m  CREATE TABLE "configuration_parameters" ("id" INTEGER PRIMARY KEY AUTOINCREMENT NOT NULL, "name" varchar(255), "value" varchar(255), "project_id" integer, "stage_id" integer, "type" varchar(255), "created_at" datetime, "updated_at" datetime) 
  [1m[36m (0.1ms)[0m  [1mINSERT INTO "schema_migrations" ("version") VALUES ('5')[0m
  [1m[35m (0.7ms)[0m  commit transaction
Migrating to CreateProjectConfigurations (6)
  [1m[36m (0.1ms)[0m  [1mbegin transaction[0m
  [1m[35m (0.3ms)[0m  CREATE TABLE "project_configurations" ("id" INTEGER PRIMARY KEY AUTOINCREMENT NOT NULL) 
  [1m[36m (0.1ms)[0m  [1mINSERT INTO "schema_migrations" ("version") VALUES ('6')[0m
  [1m[35m (0.6ms)[0m  commit transaction
Migrating to CreateStageConfigurations (7)
  [1m[36m (0.0ms)[0m  [1mbegin transaction[0m
  [1m[35m (0.3ms)[0m  CREATE TABLE "stage_configurations" ("id" INTEGER PRIMARY KEY AUTOINCREMENT NOT NULL) 
  [1m[36m (0.1ms)[0m  [1mINSERT INTO "schema_migrations" ("version") VALUES ('7')[0m
  [1m[35m (0.5ms)[0m  commit transaction
Migrating to CreateDeployments (8)
  [1m[36m (0.0ms)[0m  [1mbegin transaction[0m
  [1m[35m (0.3ms)[0m  CREATE TABLE "deployments" ("id" INTEGER PRIMARY KEY AUTOINCREMENT NOT NULL, "task" varchar(255), "log" text, "success" integer DEFAULT 0, "stage_id" integer, "created_at" datetime, "updated_at" datetime, "completed_at" datetime) 
  [1m[36m (0.1ms)[0m  [1mCREATE TABLE "deployments_roles" ("deployment_id" integer, "role_id" integer) [0m
  [1m[35m (0.1ms)[0m  INSERT INTO "schema_migrations" ("version") VALUES ('8')
  [1m[36m (0.6ms)[0m  [1mcommit transaction[0m
Migrating to AddNoReleaseToRole (9)
  [1m[35m (0.0ms)[0m  begin transaction
  [1m[36m (0.4ms)[0m  [1mALTER TABLE "roles" ADD "no_release" integer DEFAULT 0[0m
  [1m[35m (0.1ms)[0m  INSERT INTO "schema_migrations" ("version") VALUES ('9')
  [1m[36m (0.6ms)[0m  [1mcommit transaction[0m
Migrating to AddPromptToConfigurationParameter (10)
  [1m[35m (0.0ms)[0m  begin transaction
  [1m[36m (0.4ms)[0m  [1mALTER TABLE "configuration_parameters" ADD "prompt_on_deploy" integer DEFAULT 0[0m
  [1m[35m (0.1ms)[0m  INSERT INTO "schema_migrations" ("version") VALUES ('10')
  [1m[36m (0.5ms)[0m  [1mcommit transaction[0m
Migrating to AddSshPortToRole (11)
  [1m[35m (0.0ms)[0m  begin transaction
  [1m[36m (0.4ms)[0m  [1mALTER TABLE "roles" ADD "ssh_port" integer[0m
  [1m[35m (0.1ms)[0m  INSERT INTO "schema_migrations" ("version") VALUES ('11')
  [1m[36m (0.5ms)[0m  [1mcommit transaction[0m
Migrating to AddNotifyToStage (12)
  [1m[35m (0.0ms)[0m  begin transaction
  [1m[36m (0.4ms)[0m  [1mALTER TABLE "stages" ADD "alert_emails" text[0m
  [1m[35m (0.1ms)[0m  INSERT INTO "schema_migrations" ("version") VALUES ('12')
  [1m[36m (0.5ms)[0m  [1mcommit transaction[0m
Migrating to CreateRecipes (13)
  [1m[35m (0.0ms)[0m  begin transaction
  [1m[36m (0.3ms)[0m  [1mCREATE TABLE "recipes" ("id" INTEGER PRIMARY KEY AUTOINCREMENT NOT NULL, "name" varchar(255), "description" text, "body" text, "created_at" datetime, "updated_at" datetime) [0m
  [1m[35m (0.1ms)[0m  CREATE TABLE "projects_recipes" ("recipe_id" integer, "project_id" integer) 
  [1m[36m (0.1ms)[0m  [1mINSERT INTO "schema_migrations" ("version") VALUES ('13')[0m
  [1m[35m (0.5ms)[0m  commit transaction
Migrating to AddCommentToDeployment (14)
  [1m[36m (0.0ms)[0m  [1mbegin transaction[0m
  [1m[35m (0.3ms)[0m  ALTER TABLE "deployments" ADD "comment" text
  [1m[36m (0.1ms)[0m  [1mINSERT INTO "schema_migrations" ("version") VALUES ('14')[0m
  [1m[35m (0.5ms)[0m  commit transaction
Migrating to LinkUsersAndDeployments (16)
  [1m[36m (0.0ms)[0m  [1mbegin transaction[0m
  [1m[35m (0.3ms)[0m  ALTER TABLE "deployments" ADD "user_id" integer
  [1m[36m (0.1ms)[0m  [1mINSERT INTO "schema_migrations" ("version") VALUES ('16')[0m
  [1m[35m (0.5ms)[0m  commit transaction
Migrating to MoveRecipesToStages (18)
  [1m[36m (0.0ms)[0m  [1mbegin transaction[0m
  [1m[35m (0.3ms)[0m  CREATE TABLE "recipes_stages" ("recipe_id" integer, "stage_id" integer) 
  [1m[36m (0.1ms)[0m  [1mINSERT INTO "schema_migrations" ("version") VALUES ('18')[0m
  [1m[35m (0.5ms)[0m  commit transaction
Migrating to RemoveProjectRecipes (19)
  [1m[36m (0.0ms)[0m  [1mbegin transaction[0m
  [1m[35m (0.3ms)[0m  DROP TABLE "projects_recipes"
  [1m[36m (0.1ms)[0m  [1mINSERT INTO "schema_migrations" ("version") VALUES ('19')[0m
  [1m[35m (0.5ms)[0m  commit transaction
Migrating to AddNoSymlinkToRole (20)
  [1m[36m (0.0ms)[0m  [1mbegin transaction[0m
  [1m[35m (0.3ms)[0m  ALTER TABLE "roles" ADD "no_symlink" integer DEFAULT 0
  [1m[36m (0.1ms)[0m  [1mINSERT INTO "schema_migrations" ("version") VALUES ('20')[0m
  [1m[35m (0.4ms)[0m  commit transaction
Migrating to RenameCommentToDescription (21)
  [1m[36m (0.0ms)[0m  [1mbegin transaction[0m
  [1m[35m (0.5ms)[0m  CREATE TEMPORARY TABLE "altered_deployments" ("id" INTEGER PRIMARY KEY AUTOINCREMENT NOT NULL, "task" varchar(255), "log" text, "success" integer DEFAULT 0, "stage_id" integer, "created_at" datetime, "updated_at" datetime, "completed_at" datetime, "description" text, "user_id" integer) 
  [1m[36m (0.1ms)[0m  [1mSELECT * FROM "deployments"[0m
  [1m[35m (0.3ms)[0m  DROP TABLE "deployments"
  [1m[36m (0.1ms)[0m  [1mCREATE TABLE "deployments" ("id" INTEGER PRIMARY KEY AUTOINCREMENT NOT NULL, "task" varchar(255), "log" text, "success" integer DEFAULT 0, "stage_id" integer, "created_at" datetime, "updated_at" datetime, "completed_at" datetime, "description" text, "user_id" integer) [0m
  [1m[35m (0.1ms)[0m  SELECT * FROM "altered_deployments"
  [1m[36m (0.3ms)[0m  [1mDROP TABLE "altered_deployments"[0m
  [1m[35m (0.1ms)[0m  INSERT INTO "schema_migrations" ("version") VALUES ('21')
  [1m[36m (0.8ms)[0m  [1mcommit transaction[0m
Migrating to AddExcludeHostsToDeployment (23)
  [1m[35m (0.0ms)[0m  begin transaction
  [1m[36m (0.4ms)[0m  [1mALTER TABLE "deployments" ADD "excluded_host_ids" varchar(255)[0m
  [1m[35m (0.1ms)[0m  INSERT INTO "schema_migrations" ("version") VALUES ('23')
  [1m[36m (0.6ms)[0m  [1mcommit transaction[0m
Migrating to CreateRecipeVersions (20080621203016)
  [1m[35m (0.0ms)[0m  begin transaction
  [1m[36m (0.4ms)[0m  [1mCREATE TABLE "recipe_versions" ("id" INTEGER PRIMARY KEY AUTOINCREMENT NOT NULL, "recipe_id" integer, "version" integer, "user_id" integer, "name" varchar(255), "body" text, "description" text, "created_at" datetime NOT NULL, "updated_at" datetime NOT NULL) [0m
  [1m[35m (0.1ms)[0m  INSERT INTO "schema_migrations" ("version") VALUES ('20080621203016')
  [1m[36m (0.6ms)[0m  [1mcommit transaction[0m
Migrating to AddRecipeVersion (20080621205235)
  [1m[35m (0.0ms)[0m  begin transaction
  [1m[36m (0.3ms)[0m  [1mALTER TABLE "recipes" ADD "version" integer DEFAULT 1[0m
  [1m[35m (0.1ms)[0m  INSERT INTO "schema_migrations" ("version") VALUES ('20080621205235')
  [1m[36m (0.5ms)[0m  [1mcommit transaction[0m
Migrating to FixRecipeVersioningForExistingOnes (20080916114012)
  [1m[35m (0.0ms)[0m  begin transaction
  [1m[36mSQL (0.1ms)[0m  [1mUPDATE "recipes" SET version = 1[0m
  [1m[35m (0.2ms)[0m  INSERT INTO "schema_migrations" ("version") VALUES ('20080916114012')
  [1m[36m (0.6ms)[0m  [1mcommit transaction[0m
Migrating to ConvertWwwRolesToWeb (20080916114932)
  [1m[35m (0.1ms)[0m  begin transaction
  [1m[36mSQL (0.1ms)[0m  [1mUPDATE "roles" SET name = 'web' WHERE (name = 'www')[0m
  [1m[35m (0.3ms)[0m  INSERT INTO "schema_migrations" ("version") VALUES ('20080916114932')
  [1m[36m (0.5ms)[0m  [1mcommit transaction[0m
Migrating to RemoveRecipeVersionsUserId (20080917194020)
  [1m[35m (0.1ms)[0m  begin transaction
  [1m[36m (0.2ms)[0m  [1mCREATE TEMPORARY TABLE "altered_recipe_versions" ("id" INTEGER PRIMARY KEY AUTOINCREMENT NOT NULL, "recipe_id" integer, "version" integer, "user_id" integer, "name" varchar(255), "body" text, "description" text, "created_at" datetime NOT NULL, "updated_at" datetime NOT NULL) [0m
  [1m[35m (0.1ms)[0m  SELECT * FROM "recipe_versions"
  [1m[36m (0.4ms)[0m  [1mDROP TABLE "recipe_versions"[0m
  [1m[35m (0.1ms)[0m  CREATE TABLE "recipe_versions" ("id" INTEGER PRIMARY KEY AUTOINCREMENT NOT NULL, "recipe_id" integer, "version" integer, "name" varchar(255), "body" text, "description" text, "created_at" datetime NOT NULL, "updated_at" datetime NOT NULL) 
  [1m[36m (0.1ms)[0m  [1mSELECT * FROM "altered_recipe_versions"[0m
  [1m[35m (0.1ms)[0m  DROP TABLE "altered_recipe_versions"
  [1m[36m (0.1ms)[0m  [1mINSERT INTO "schema_migrations" ("version") VALUES ('20080917194020')[0m
  [1m[35m (0.6ms)[0m  commit transaction
Migrating to AddRevisionToDeployment (20080924201241)
  [1m[36m (0.1ms)[0m  [1mbegin transaction[0m
  [1m[35m (0.6ms)[0m  ALTER TABLE "deployments" ADD "revision" varchar(255)
  [1m[36m (0.2ms)[0m  [1mINSERT INTO "schema_migrations" ("version") VALUES ('20080924201241')[0m
  [1m[35m (0.6ms)[0m  commit transaction
Migrating to AddPidToDeployment (20080925101639)
  [1m[36m (0.1ms)[0m  [1mbegin transaction[0m
  [1m[35m (0.5ms)[0m  ALTER TABLE "deployments" ADD "pid" integer
  [1m[36m (0.1ms)[0m  [1mINSERT INTO "schema_migrations" ("version") VALUES ('20080925101639')[0m
  [1m[35m (0.5ms)[0m  commit transaction
Migrating to AddRealStatusFieldToDeployment (20080925111006)
  [1m[36m (0.0ms)[0m  [1mbegin transaction[0m
  [1m[35m (0.4ms)[0m  ALTER TABLE "deployments" ADD "status" varchar(255) DEFAULT 'running'
  [1m[36mSQL (0.1ms)[0m  [1mUPDATE "deployments" SET status = 'failed' WHERE (success = 0)[0m
  [1m[35mSQL (0.1ms)[0m  UPDATE "deployments" SET status = 'success' WHERE (success = 1)
  [1m[36m (0.2ms)[0m  [1mCREATE TEMPORARY TABLE "altered_deployments" ("id" INTEGER PRIMARY KEY AUTOINCREMENT NOT NULL, "task" varchar(255), "log" text, "success" integer DEFAULT 0, "stage_id" integer, "created_at" datetime, "updated_at" datetime, "completed_at" datetime, "description" text, "user_id" integer, "excluded_host_ids" varchar(255), "revision" varchar(255), "pid" integer, "status" varchar(255) DEFAULT 'running') [0m
  [1m[35m (0.1ms)[0m  SELECT * FROM "deployments"
  [1m[36m (0.3ms)[0m  [1mDROP TABLE "deployments"[0m
  [1m[35m (0.2ms)[0m  CREATE TABLE "deployments" ("id" INTEGER PRIMARY KEY AUTOINCREMENT NOT NULL, "task" varchar(255), "log" text, "stage_id" integer, "created_at" datetime, "updated_at" datetime, "completed_at" datetime, "description" text, "user_id" integer, "excluded_host_ids" varchar(255), "revision" varchar(255), "pid" integer, "status" varchar(255) DEFAULT 'running') 
  [1m[36m (0.1ms)[0m  [1mSELECT * FROM "altered_deployments"[0m
  [1m[35m (0.1ms)[0m  DROP TABLE "altered_deployments"
  [1m[36m (0.1ms)[0m  [1mINSERT INTO "schema_migrations" ("version") VALUES ('20080925111006')[0m
  [1m[35m (0.5ms)[0m  commit transaction
Migrating to AddLockingToStage (20090223081938)
  [1m[36m (0.0ms)[0m  [1mbegin transaction[0m
  [1m[35m (0.4ms)[0m  ALTER TABLE "stages" ADD "locked_by_deployment_id" integer
  [1m[36m (0.1ms)[0m  [1mALTER TABLE "stages" ADD "locked" integer DEFAULT 0[0m
  [1m[35m (0.1ms)[0m  INSERT INTO "schema_migrations" ("version") VALUES ('20090223081938')
  [1m[36m (0.4ms)[0m  [1mcommit transaction[0m
Migrating to DeviseCreateUsers (20110112150457)
  [1m[35m (0.0ms)[0m  begin transaction
  [1m[36m (0.5ms)[0m  [1mCREATE TABLE "users" ("id" INTEGER PRIMARY KEY AUTOINCREMENT NOT NULL, "login" varchar(255), "admin" integer DEFAULT 0, "time_zone" varchar(255) DEFAULT 'UTC', "disabled" datetime, "email" varchar(255) DEFAULT '' NOT NULL, "encrypted_password" varchar(255) DEFAULT '' NOT NULL, "reset_password_token" varchar(255), "reset_password_sent_at" datetime, "remember_created_at" datetime, "sign_in_count" integer DEFAULT 0, "current_sign_in_at" datetime, "last_sign_in_at" datetime, "current_sign_in_ip" varchar(255), "last_sign_in_ip" varchar(255), "created_at" datetime NOT NULL, "updated_at" datetime NOT NULL) [0m
  [1m[35m (0.1ms)[0m  CREATE INDEX "index_users_on_disabled" ON "users" ("disabled")
  [1m[36m (0.3ms)[0m  [1mCREATE UNIQUE INDEX "index_users_on_email" ON "users" ("email")[0m
  [1m[35m (0.3ms)[0m  CREATE UNIQUE INDEX "index_users_on_reset_password_token" ON "users" ("reset_password_token")
  [1m[36m (0.1ms)[0m  [1mINSERT INTO "schema_migrations" ("version") VALUES ('20110112150457')[0m
  [1m[35m (0.8ms)[0m  commit transaction
Migrating to ImproveUsersTable (20110113085919)
  [1m[36m (0.0ms)[0m  [1mbegin transaction[0m
  [1m[35m (0.3ms)[0m  DROP INDEX "index_users_on_disabled"
  [1m[36m (0.3ms)[0m  [1mCREATE TEMPORARY TABLE "altered_users" ("id" INTEGER PRIMARY KEY AUTOINCREMENT NOT NULL, "login" varchar(255), "admin" integer DEFAULT 0, "time_zone" varchar(255) DEFAULT 'UTC', "disabled_at" datetime, "email" varchar(255) DEFAULT '' NOT NULL, "encrypted_password" varchar(255) DEFAULT '' NOT NULL, "reset_password_token" varchar(255), "reset_password_sent_at" datetime, "remember_created_at" datetime, "sign_in_count" integer DEFAULT 0, "current_sign_in_at" datetime, "last_sign_in_at" datetime, "current_sign_in_ip" varchar(255), "last_sign_in_ip" varchar(255), "created_at" datetime NOT NULL, "updated_at" datetime NOT NULL) [0m
  [1m[35m (0.1ms)[0m  CREATE UNIQUE INDEX "temp_index_altered_users_on_reset_password_token" ON "altered_users" ("reset_password_token")
  [1m[36m (0.1ms)[0m  [1mCREATE UNIQUE INDEX "temp_index_altered_users_on_email" ON "altered_users" ("email")[0m
  [1m[35m (0.1ms)[0m  SELECT * FROM "users"
  [1m[36m (0.4ms)[0m  [1mDROP TABLE "users"[0m
  [1m[35m (0.2ms)[0m  CREATE TABLE "users" ("id" INTEGER PRIMARY KEY AUTOINCREMENT NOT NULL, "login" varchar(255), "admin" integer DEFAULT 0, "time_zone" varchar(255) DEFAULT 'UTC', "disabled_at" datetime, "email" varchar(255) DEFAULT '' NOT NULL, "encrypted_password" varchar(255) DEFAULT '' NOT NULL, "reset_password_token" varchar(255), "reset_password_sent_at" datetime, "remember_created_at" datetime, "sign_in_count" integer DEFAULT 0, "current_sign_in_at" datetime, "last_sign_in_at" datetime, "current_sign_in_ip" varchar(255), "last_sign_in_ip" varchar(255), "created_at" datetime NOT NULL, "updated_at" datetime NOT NULL) 
  [1m[36m (0.1ms)[0m  [1mCREATE UNIQUE INDEX "index_users_on_email" ON "users" ("email")[0m
  [1m[35m (0.2ms)[0m  CREATE UNIQUE INDEX "index_users_on_reset_password_token" ON "users" ("reset_password_token")
  [1m[36m (0.1ms)[0m  [1mSELECT * FROM "altered_users"[0m
  [1m[35m (0.1ms)[0m  DROP TABLE "altered_users"
  [1m[36m (0.2ms)[0m  [1mCREATE TEMPORARY TABLE "altered_users" ("id" INTEGER PRIMARY KEY AUTOINCREMENT NOT NULL, "login" varchar(255), "admin" integer DEFAULT 0, "time_zone" varchar(255) DEFAULT 'UTC', "disabled_at" datetime, "email" varchar(255) DEFAULT '' NOT NULL, "encrypted_password" varchar(255) DEFAULT '' NOT NULL, "reset_password_token" varchar(255), "reset_password_sent_at" datetime, "remember_created_at" datetime, "sign_in_count" integer DEFAULT 0, "current_sign_in_at" datetime, "last_sign_in_at" datetime, "current_sign_in_ip" varchar(255), "last_sign_in_ip" varchar(255), "created_at" datetime NOT NULL, "updated_at" datetime NOT NULL) [0m
  [1m[35m (0.2ms)[0m  CREATE UNIQUE INDEX "temp_index_altered_users_on_reset_password_token" ON "altered_users" ("reset_password_token")
  [1m[36m (0.1ms)[0m  [1mCREATE UNIQUE INDEX "temp_index_altered_users_on_email" ON "altered_users" ("email")[0m
  [1m[35m (0.1ms)[0m  SELECT * FROM "users"
  [1m[36m (0.2ms)[0m  [1mDROP TABLE "users"[0m
  [1m[35m (0.2ms)[0m  CREATE TABLE "users" ("id" INTEGER PRIMARY KEY AUTOINCREMENT NOT NULL, "login" varchar(255), "admin" boolean DEFAULT 'f', "time_zone" varchar(255) DEFAULT 'UTC', "disabled_at" datetime, "email" varchar(255) DEFAULT '' NOT NULL, "encrypted_password" varchar(255) DEFAULT '' NOT NULL, "reset_password_token" varchar(255), "reset_password_sent_at" datetime, "remember_created_at" datetime, "sign_in_count" integer DEFAULT 0, "current_sign_in_at" datetime, "last_sign_in_at" datetime, "current_sign_in_ip" varchar(255), "last_sign_in_ip" varchar(255), "created_at" datetime NOT NULL, "updated_at" datetime NOT NULL) 
  [1m[36m (0.1ms)[0m  [1mCREATE UNIQUE INDEX "index_users_on_email" ON "users" ("email")[0m
  [1m[35m (0.1ms)[0m  CREATE UNIQUE INDEX "index_users_on_reset_password_token" ON "users" ("reset_password_token")
  [1m[36m (0.1ms)[0m  [1mSELECT * FROM "altered_users"[0m
  [1m[35m (0.1ms)[0m  DROP TABLE "altered_users"
  [1m[36m (0.1ms)[0m  [1mCREATE INDEX "index_users_on_disabled_at" ON "users" ("disabled_at")[0m
  [1m[35m (0.1ms)[0m  INSERT INTO "schema_migrations" ("version") VALUES ('20110113085919')
  [1m[36m (0.7ms)[0m  [1mcommit transaction[0m
  [1m[35m (0.2ms)[0m  SELECT "schema_migrations"."version" FROM "schema_migrations" 
Connecting to database specified by database.yml
  [1m[36m (3.1ms)[0m  [1mselect sqlite_version(*)[0m
  [1m[35m (2.5ms)[0m  DROP TABLE "configuration_parameters"
  [1m[36m (0.9ms)[0m  [1mCREATE TABLE "configuration_parameters" ("id" INTEGER PRIMARY KEY AUTOINCREMENT NOT NULL, "name" varchar(255), "value" varchar(255), "project_id" integer, "stage_id" integer, "type" varchar(255), "created_at" datetime, "updated_at" datetime, "prompt_on_deploy" integer DEFAULT 0) [0m
  [1m[35m (0.8ms)[0m  DROP TABLE "deployments"
  [1m[36m (0.9ms)[0m  [1mCREATE TABLE "deployments" ("id" INTEGER PRIMARY KEY AUTOINCREMENT NOT NULL, "task" varchar(255), "log" text, "stage_id" integer, "created_at" datetime, "updated_at" datetime, "completed_at" datetime, "description" text, "user_id" integer, "excluded_host_ids" varchar(255), "revision" varchar(255), "pid" integer, "status" varchar(255) DEFAULT 'running') [0m
  [1m[35m (0.7ms)[0m  DROP TABLE "deployments_roles"
  [1m[36m (0.9ms)[0m  [1mCREATE TABLE "deployments_roles" ("deployment_id" integer, "role_id" integer) [0m
  [1m[35m (0.7ms)[0m  DROP TABLE "hosts"
  [1m[36m (0.9ms)[0m  [1mCREATE TABLE "hosts" ("id" INTEGER PRIMARY KEY AUTOINCREMENT NOT NULL, "name" varchar(255), "created_at" datetime, "updated_at" datetime) [0m
  [1m[35m (0.8ms)[0m  DROP TABLE "project_configurations"
  [1m[36m (0.7ms)[0m  [1mCREATE TABLE "project_configurations" ("id" INTEGER PRIMARY KEY AUTOINCREMENT NOT NULL) [0m
  [1m[35m (0.8ms)[0m  DROP TABLE "projects"
  [1m[36m (0.7ms)[0m  [1mCREATE TABLE "projects" ("id" INTEGER PRIMARY KEY AUTOINCREMENT NOT NULL, "name" varchar(255), "description" text, "template" varchar(255), "created_at" datetime, "updated_at" datetime) [0m
  [1m[35m (0.8ms)[0m  DROP TABLE "recipe_versions"
  [1m[36m (0.9ms)[0m  [1mCREATE TABLE "recipe_versions" ("id" INTEGER PRIMARY KEY AUTOINCREMENT NOT NULL, "recipe_id" integer, "version" integer, "name" varchar(255), "body" text, "description" text, "created_at" datetime NOT NULL, "updated_at" datetime NOT NULL) [0m
  [1m[35m (0.8ms)[0m  DROP TABLE "recipes"
  [1m[36m (0.9ms)[0m  [1mCREATE TABLE "recipes" ("id" INTEGER PRIMARY KEY AUTOINCREMENT NOT NULL, "name" varchar(255), "description" text, "body" text, "created_at" datetime, "updated_at" datetime, "version" integer DEFAULT 1) [0m
  [1m[35m (0.8ms)[0m  DROP TABLE "recipes_stages"
  [1m[36m (0.9ms)[0m  [1mCREATE TABLE "recipes_stages" ("recipe_id" integer, "stage_id" integer) [0m
  [1m[35m (0.9ms)[0m  DROP TABLE "roles"
  [1m[36m (0.8ms)[0m  [1mCREATE TABLE "roles" ("id" INTEGER PRIMARY KEY AUTOINCREMENT NOT NULL, "name" varchar(255), "stage_id" integer, "host_id" integer, "primary" integer DEFAULT 0, "created_at" datetime, "updated_at" datetime, "no_release" integer DEFAULT 0, "ssh_port" integer, "no_symlink" integer DEFAULT 0) [0m
  [1m[35m (0.8ms)[0m  DROP TABLE "stage_configurations"
  [1m[36m (0.7ms)[0m  [1mCREATE TABLE "stage_configurations" ("id" INTEGER PRIMARY KEY AUTOINCREMENT NOT NULL) [0m
  [1m[35m (0.8ms)[0m  DROP TABLE "stages"
  [1m[36m (0.8ms)[0m  [1mCREATE TABLE "stages" ("id" INTEGER PRIMARY KEY AUTOINCREMENT NOT NULL, "name" varchar(255), "project_id" integer, "created_at" datetime, "updated_at" datetime, "alert_emails" text, "locked_by_deployment_id" integer, "locked" integer DEFAULT 0) [0m
  [1m[35m (1.2ms)[0m  DROP TABLE "users"
  [1m[36m (0.9ms)[0m  [1mCREATE TABLE "users" ("id" INTEGER PRIMARY KEY AUTOINCREMENT NOT NULL, "login" varchar(255), "admin" boolean DEFAULT 'f', "time_zone" varchar(255) DEFAULT 'UTC', "disabled_at" datetime, "email" varchar(255) DEFAULT '' NOT NULL, "encrypted_password" varchar(255) DEFAULT '' NOT NULL, "reset_password_token" varchar(255), "reset_password_sent_at" datetime, "remember_created_at" datetime, "sign_in_count" integer DEFAULT 0, "current_sign_in_at" datetime, "last_sign_in_at" datetime, "current_sign_in_ip" varchar(255), "last_sign_in_ip" varchar(255), "created_at" datetime NOT NULL, "updated_at" datetime NOT NULL) [0m
  [1m[35m (0.8ms)[0m  CREATE INDEX "index_users_on_disabled_at" ON "users" ("disabled_at")
  [1m[36m (0.8ms)[0m  [1mCREATE UNIQUE INDEX "index_users_on_email" ON "users" ("email")[0m
  [1m[35m (0.8ms)[0m  CREATE UNIQUE INDEX "index_users_on_reset_password_token" ON "users" ("reset_password_token")
  [1m[36m (0.2ms)[0m  [1mSELECT version FROM "schema_migrations"[0m
  [1m[35m (2.8ms)[0m  SELECT "schema_migrations"."version" FROM "schema_migrations" 
  [1m[36m (0.1ms)[0m  [1mbegin transaction[0m
  [1m[35mUser Exists (0.2ms)[0m  SELECT 1 AS one FROM "users" WHERE "users"."email" = 'admin@example.com' LIMIT 1
  [1m[36mUser Exists (0.1ms)[0m  [1mSELECT 1 AS one FROM "users" WHERE LOWER("users"."login") = LOWER('admin') LIMIT 1[0m
Binary data inserted for `string` type on column `encrypted_password`
  [1m[35mSQL (2.0ms)[0m  INSERT INTO "users" ("admin", "created_at", "current_sign_in_at", "current_sign_in_ip", "disabled_at", "email", "encrypted_password", "last_sign_in_at", "last_sign_in_ip", "login", "remember_created_at", "reset_password_sent_at", "reset_password_token", "sign_in_count", "time_zone", "updated_at") VALUES (?, ?, ?, ?, ?, ?, ?, ?, ?, ?, ?, ?, ?, ?, ?, ?)  [["admin", false], ["created_at", Mon, 31 Dec 2012 05:47:40 UTC +00:00], ["current_sign_in_at", nil], ["current_sign_in_ip", nil], ["disabled_at", nil], ["email", "admin@example.com"], ["encrypted_password", "$2a$10$HLsBJLkoDG3BwVunkzbqX.5XMcqdNE1mbeAsZhtMZTkikeiEbLJN."], ["last_sign_in_at", nil], ["last_sign_in_ip", nil], ["login", "admin"], ["remember_created_at", nil], ["reset_password_sent_at", nil], ["reset_password_token", nil], ["sign_in_count", 0], ["time_zone", "UTC"], ["updated_at", Mon, 31 Dec 2012 05:47:40 UTC +00:00]]
  [1m[36m (1.7ms)[0m  [1mcommit transaction[0m
  [1m[35m (0.0ms)[0m  begin transaction
  [1m[36mUser Exists (0.1ms)[0m  [1mSELECT 1 AS one FROM "users" WHERE (LOWER("users"."login") = LOWER('admin') AND "users"."id" != 1) LIMIT 1[0m
  [1m[35mUser Load (0.1ms)[0m  SELECT "users".* FROM "users" WHERE "users"."id" = ? LIMIT 1  [["id", 1]]
  [1m[36m (0.2ms)[0m  [1mUPDATE "users" SET "admin" = 't', "updated_at" = '2012-12-31 05:47:40.731052' WHERE "users"."id" = 1[0m
  [1m[35m (0.6ms)[0m  commit transaction
Connecting to database specified by database.yml
  [1m[36m (2.0ms)[0m  [1mSELECT "schema_migrations"."version" FROM "schema_migrations" [0m
  [1m[35m (0.2ms)[0m  select sqlite_version(*)
  [1m[36m (2.9ms)[0m  [1mCREATE TABLE "configuration_parameters" ("id" INTEGER PRIMARY KEY AUTOINCREMENT NOT NULL, "name" varchar(255), "value" varchar(255), "project_id" integer, "stage_id" integer, "type" varchar(255), "created_at" datetime, "updated_at" datetime, "prompt_on_deploy" integer DEFAULT 0) [0m
  [1m[35m (0.8ms)[0m  CREATE TABLE "deployments" ("id" INTEGER PRIMARY KEY AUTOINCREMENT NOT NULL, "task" varchar(255), "log" text, "stage_id" integer, "created_at" datetime, "updated_at" datetime, "completed_at" datetime, "description" text, "user_id" integer, "excluded_host_ids" varchar(255), "revision" varchar(255), "pid" integer, "status" varchar(255) DEFAULT 'running') 
  [1m[36m (0.6ms)[0m  [1mCREATE TABLE "deployments_roles" ("deployment_id" integer, "role_id" integer) [0m
  [1m[35m (0.7ms)[0m  CREATE TABLE "hosts" ("id" INTEGER PRIMARY KEY AUTOINCREMENT NOT NULL, "name" varchar(255), "created_at" datetime, "updated_at" datetime) 
  [1m[36m (0.7ms)[0m  [1mCREATE TABLE "project_configurations" ("id" INTEGER PRIMARY KEY AUTOINCREMENT NOT NULL) [0m
  [1m[35m (0.8ms)[0m  CREATE TABLE "projects" ("id" INTEGER PRIMARY KEY AUTOINCREMENT NOT NULL, "name" varchar(255), "description" text, "template" varchar(255), "created_at" datetime, "updated_at" datetime) 
  [1m[36m (0.8ms)[0m  [1mCREATE TABLE "recipe_versions" ("id" INTEGER PRIMARY KEY AUTOINCREMENT NOT NULL, "recipe_id" integer, "version" integer, "name" varchar(255), "body" text, "description" text, "created_at" datetime NOT NULL, "updated_at" datetime NOT NULL) [0m
  [1m[35m (0.8ms)[0m  CREATE TABLE "recipes" ("id" INTEGER PRIMARY KEY AUTOINCREMENT NOT NULL, "name" varchar(255), "description" text, "body" text, "created_at" datetime, "updated_at" datetime, "version" integer DEFAULT 1) 
  [1m[36m (0.7ms)[0m  [1mCREATE TABLE "recipes_stages" ("recipe_id" integer, "stage_id" integer) [0m
  [1m[35m (0.7ms)[0m  CREATE TABLE "roles" ("id" INTEGER PRIMARY KEY AUTOINCREMENT NOT NULL, "name" varchar(255), "stage_id" integer, "host_id" integer, "primary" integer DEFAULT 0, "created_at" datetime, "updated_at" datetime, "no_release" integer DEFAULT 0, "ssh_port" integer, "no_symlink" integer DEFAULT 0) 
  [1m[36m (0.9ms)[0m  [1mCREATE TABLE "stage_configurations" ("id" INTEGER PRIMARY KEY AUTOINCREMENT NOT NULL) [0m
  [1m[35m (0.8ms)[0m  CREATE TABLE "stages" ("id" INTEGER PRIMARY KEY AUTOINCREMENT NOT NULL, "name" varchar(255), "project_id" integer, "created_at" datetime, "updated_at" datetime, "alert_emails" text, "locked_by_deployment_id" integer, "locked" integer DEFAULT 0) 
  [1m[36m (0.8ms)[0m  [1mCREATE TABLE "users" ("id" INTEGER PRIMARY KEY AUTOINCREMENT NOT NULL, "login" varchar(255), "admin" boolean DEFAULT 'f', "time_zone" varchar(255) DEFAULT 'UTC', "disabled_at" datetime, "email" varchar(255) DEFAULT '' NOT NULL, "encrypted_password" varchar(255) DEFAULT '' NOT NULL, "reset_password_token" varchar(255), "reset_password_sent_at" datetime, "remember_created_at" datetime, "sign_in_count" integer DEFAULT 0, "current_sign_in_at" datetime, "last_sign_in_at" datetime, "current_sign_in_ip" varchar(255), "last_sign_in_ip" varchar(255), "created_at" datetime NOT NULL, "updated_at" datetime NOT NULL) [0m
  [1m[35m (0.7ms)[0m  CREATE INDEX "index_users_on_disabled_at" ON "users" ("disabled_at")
  [1m[36m (0.7ms)[0m  [1mCREATE UNIQUE INDEX "index_users_on_email" ON "users" ("email")[0m
  [1m[35m (0.8ms)[0m  CREATE UNIQUE INDEX "index_users_on_reset_password_token" ON "users" ("reset_password_token")
  [1m[36m (0.7ms)[0m  [1mCREATE TABLE "schema_migrations" ("version" varchar(255) NOT NULL) [0m
  [1m[35m (0.7ms)[0m  CREATE UNIQUE INDEX "unique_schema_migrations" ON "schema_migrations" ("version")
  [1m[36m (0.1ms)[0m  [1mSELECT version FROM "schema_migrations"[0m
  [1m[35m (0.7ms)[0m  INSERT INTO "schema_migrations" (version) VALUES ('20110113085919')
  [1m[36m (0.5ms)[0m  [1mINSERT INTO "schema_migrations" (version) VALUES ('1')[0m
  [1m[35m (0.5ms)[0m  INSERT INTO "schema_migrations" (version) VALUES ('2')
  [1m[36m (0.6ms)[0m  [1mINSERT INTO "schema_migrations" (version) VALUES ('3')[0m
  [1m[35m (0.7ms)[0m  INSERT INTO "schema_migrations" (version) VALUES ('4')
  [1m[36m (0.5ms)[0m  [1mINSERT INTO "schema_migrations" (version) VALUES ('5')[0m
  [1m[35m (0.5ms)[0m  INSERT INTO "schema_migrations" (version) VALUES ('6')
  [1m[36m (0.6ms)[0m  [1mINSERT INTO "schema_migrations" (version) VALUES ('7')[0m
  [1m[35m (0.6ms)[0m  INSERT INTO "schema_migrations" (version) VALUES ('8')
  [1m[36m (0.5ms)[0m  [1mINSERT INTO "schema_migrations" (version) VALUES ('9')[0m
  [1m[35m (0.5ms)[0m  INSERT INTO "schema_migrations" (version) VALUES ('10')
  [1m[36m (0.5ms)[0m  [1mINSERT INTO "schema_migrations" (version) VALUES ('11')[0m
  [1m[35m (0.6ms)[0m  INSERT INTO "schema_migrations" (version) VALUES ('12')
  [1m[36m (0.6ms)[0m  [1mINSERT INTO "schema_migrations" (version) VALUES ('13')[0m
  [1m[35m (0.5ms)[0m  INSERT INTO "schema_migrations" (version) VALUES ('14')
  [1m[36m (0.5ms)[0m  [1mINSERT INTO "schema_migrations" (version) VALUES ('16')[0m
  [1m[35m (0.5ms)[0m  INSERT INTO "schema_migrations" (version) VALUES ('18')
  [1m[36m (0.5ms)[0m  [1mINSERT INTO "schema_migrations" (version) VALUES ('19')[0m
  [1m[35m (0.6ms)[0m  INSERT INTO "schema_migrations" (version) VALUES ('20')
  [1m[36m (0.8ms)[0m  [1mINSERT INTO "schema_migrations" (version) VALUES ('21')[0m
  [1m[35m (0.5ms)[0m  INSERT INTO "schema_migrations" (version) VALUES ('23')
  [1m[36m (0.5ms)[0m  [1mINSERT INTO "schema_migrations" (version) VALUES ('20080621203016')[0m
  [1m[35m (0.5ms)[0m  INSERT INTO "schema_migrations" (version) VALUES ('20080621205235')
  [1m[36m (0.6ms)[0m  [1mINSERT INTO "schema_migrations" (version) VALUES ('20080916114012')[0m
  [1m[35m (0.6ms)[0m  INSERT INTO "schema_migrations" (version) VALUES ('20080916114932')
  [1m[36m (0.5ms)[0m  [1mINSERT INTO "schema_migrations" (version) VALUES ('20080917194020')[0m
  [1m[35m (0.5ms)[0m  INSERT INTO "schema_migrations" (version) VALUES ('20080924201241')
  [1m[36m (0.6ms)[0m  [1mINSERT INTO "schema_migrations" (version) VALUES ('20080925101639')[0m
  [1m[35m (0.6ms)[0m  INSERT INTO "schema_migrations" (version) VALUES ('20080925111006')
  [1m[36m (0.6ms)[0m  [1mINSERT INTO "schema_migrations" (version) VALUES ('20090223081938')[0m
  [1m[35m (0.6ms)[0m  INSERT INTO "schema_migrations" (version) VALUES ('20110112150457')
Connecting to database specified by database.yml


Started GET "/" for 127.0.0.1 at 2012-12-31 14:48:30 +0900
Processing by ProjectsController#dashboard as HTML
Completed 401 Unauthorized in 9ms


Started GET "/users/sign_in" for 127.0.0.1 at 2012-12-31 14:48:30 +0900
Processing by Devise::SessionsController#new as HTML
  Rendered devise/sessions/new.html.erb within layouts/application (9.2ms)
Completed 200 OK in 192ms (Views: 166.1ms | ActiveRecord: 3.5ms)


Started POST "/users/sign_in" for 127.0.0.1 at 2012-12-31 14:48:39 +0900
Processing by Devise::SessionsController#create as HTML
  Parameters: {"utf8"=>"âœ“", "authenticity_token"=>"Z+0TqRkxDcZZY0aM6kqzKHqJH29jDi78SZKeeuUVe/w=", "user"=>{"login"=>"admin", "password"=>"[FILTERED]", "remember_me"=>"0"}, "commit"=>"ã‚µã‚¤ãƒ³ã‚¤ãƒ³"}
  [1m[36mUser Load (0.2ms)[0m  [1mSELECT "users".* FROM "users" WHERE "users"."login" = 'admin' LIMIT 1[0m
Completed 401 Unauthorized in 288ms
Processing by Devise::SessionsController#new as HTML
  Parameters: {"utf8"=>"âœ“", "authenticity_token"=>"Z+0TqRkxDcZZY0aM6kqzKHqJH29jDi78SZKeeuUVe/w=", "user"=>{"login"=>"admin", "password"=>"[FILTERED]", "remember_me"=>"0"}, "commit"=>"ã‚µã‚¤ãƒ³ã‚¤ãƒ³"}
  Rendered devise/sessions/new.html.erb within layouts/application (3.3ms)
Completed 200 OK in 289ms (Views: 8.2ms | ActiveRecord: 0.0ms)


Started POST "/users/sign_in" for 127.0.0.1 at 2012-12-31 14:48:56 +0900
Processing by Devise::SessionsController#create as HTML
  Parameters: {"utf8"=>"âœ“", "authenticity_token"=>"Z+0TqRkxDcZZY0aM6kqzKHqJH29jDi78SZKeeuUVe/w=", "user"=>{"login"=>"admin", "password"=>"[FILTERED]", "remember_me"=>"0"}, "commit"=>"ã‚µã‚¤ãƒ³ã‚¤ãƒ³"}
  [1m[35mUser Load (0.2ms)[0m  SELECT "users".* FROM "users" WHERE "users"."login" = 'admin' LIMIT 1
  [1m[36m (0.1ms)[0m  [1mbegin transaction[0m
  [1m[35m (3.2ms)[0m  UPDATE "users" SET "last_sign_in_at" = '2012-12-31 05:48:57.251133', "current_sign_in_at" = '2012-12-31 05:48:57.251133', "last_sign_in_ip" = '127.0.0.1', "current_sign_in_ip" = '127.0.0.1', "sign_in_count" = 1, "updated_at" = '2012-12-31 05:48:57.254622' WHERE "users"."id" = 1
  [1m[36m (1.9ms)[0m  [1mcommit transaction[0m
Redirected to http://localhost:3000/
Completed 302 Found in 313ms (ActiveRecord: 0.0ms)


Started GET "/" for 127.0.0.1 at 2012-12-31 14:48:57 +0900
Processing by ProjectsController#dashboard as HTML
  [1m[35mUser Load (0.2ms)[0m  SELECT "users".* FROM "users" WHERE "users"."id" = 1 LIMIT 1
  [1m[36mDeployment Load (0.2ms)[0m  [1mSELECT "deployments".* FROM "deployments" ORDER BY created_at DESC LIMIT 10[0m
  Rendered projects/dashboard.html.erb within layouts/application (1.6ms)
  [1m[35m (0.1ms)[0m  SELECT COUNT(*) FROM "projects" 
  [1m[36mCACHE (0.0ms)[0m  [1mSELECT COUNT(*) FROM "projects" [0m
  Rendered layouts/_projects.html.erb (6.1ms)
  Rendered layouts/_menu_box.html.erb (7.9ms)
  [1m[35m (0.1ms)[0m  SELECT COUNT(*) FROM "hosts" 
  [1m[36mCACHE (0.0ms)[0m  [1mSELECT COUNT(*) FROM "hosts" [0m
  Rendered layouts/_hosts.html.erb (5.0ms)
  Rendered layouts/_menu_box.html.erb (6.2ms)
  [1m[35m (0.1ms)[0m  SELECT COUNT(*) FROM "recipes" 
  [1m[36mCACHE (0.0ms)[0m  [1mSELECT COUNT(*) FROM "recipes" [0m
  [1m[35mCACHE (0.0ms)[0m  SELECT COUNT(*) FROM "recipes" 
  Rendered layouts/_recipes.html.erb (3.9ms)
  Rendered layouts/_menu_box.html.erb (5.1ms)
  [1m[36m (0.1ms)[0m  [1mSELECT COUNT(*) FROM "users" [0m
  [1m[35mCACHE (0.0ms)[0m  SELECT COUNT(*) FROM "users" 
  [1m[36mUser Load (0.2ms)[0m  [1mSELECT "users".* FROM "users" ORDER BY login ASC[0m
  [1m[35mCACHE (0.0ms)[0m  SELECT COUNT(*) FROM "users" 
  Rendered layouts/_users.html.erb (3.1ms)
  Rendered layouts/_menu_box.html.erb (4.2ms)
  Rendered layouts/_menu.html.erb (137.3ms)
  Rendered layouts/_flash.html.erb (0.4ms)
Completed 200 OK in 216ms (Views: 151.0ms | ActiveRecord: 2.6ms)


Started GET "/users/1" for 127.0.0.1 at 2012-12-31 14:49:03 +0900
Processing by UsersController#show as HTML
  Parameters: {"id"=>"1"}
  [1m[36mUser Load (0.3ms)[0m  [1mSELECT "users".* FROM "users" WHERE "users"."id" = 1 LIMIT 1[0m
  [1m[35mUser Load (0.3ms)[0m  SELECT "users".* FROM "users" WHERE "users"."id" = ? LIMIT 1  [["id", "1"]]
  [1m[36m (0.1ms)[0m  [1mSELECT COUNT(*) FROM "deployments" WHERE "deployments"."user_id" = 1[0m
  [1m[35m (0.2ms)[0m  SELECT COUNT(count_column) FROM (SELECT 1 AS count_column FROM "deployments" WHERE "deployments"."user_id" = 1 LIMIT 5) subquery_for_count 
  Rendered users/_deployments.html.erb (3.0ms)
  Rendered users/show.html.erb within layouts/application (9.0ms)
  [1m[36m (0.1ms)[0m  [1mSELECT COUNT(*) FROM "projects" [0m
  [1m[35mCACHE (0.0ms)[0m  SELECT COUNT(*) FROM "projects" 
  Rendered layouts/_projects.html.erb (2.6ms)
  Rendered layouts/_menu_box.html.erb (3.5ms)
  [1m[36m (0.1ms)[0m  [1mSELECT COUNT(*) FROM "hosts" [0m
  [1m[35mCACHE (0.0ms)[0m  SELECT COUNT(*) FROM "hosts" 
  Rendered layouts/_hosts.html.erb (1.6ms)
  Rendered layouts/_menu_box.html.erb (2.4ms)
  [1m[36m (0.1ms)[0m  [1mSELECT COUNT(*) FROM "recipes" [0m
  [1m[35mCACHE (0.0ms)[0m  SELECT COUNT(*) FROM "recipes" 
  [1m[36mCACHE (0.0ms)[0m  [1mSELECT COUNT(*) FROM "recipes" [0m
  Rendered layouts/_recipes.html.erb (1.4ms)
  Rendered layouts/_menu_box.html.erb (2.2ms)
  [1m[35m (0.1ms)[0m  SELECT COUNT(*) FROM "users" 
  [1m[36mCACHE (0.0ms)[0m  [1mSELECT COUNT(*) FROM "users" [0m
  [1m[35mUser Load (0.1ms)[0m  SELECT "users".* FROM "users" ORDER BY login ASC
  [1m[36mCACHE (0.0ms)[0m  [1mSELECT COUNT(*) FROM "users" [0m
  Rendered layouts/_users.html.erb (1.9ms)
  Rendered layouts/_menu_box.html.erb (2.7ms)
  Rendered layouts/_menu.html.erb (14.2ms)
Completed 200 OK in 59ms (Views: 29.6ms | ActiveRecord: 1.4ms)


Started GET "/users/1/edit" for 127.0.0.1 at 2012-12-31 14:49:05 +0900
Processing by UsersController#edit as HTML
  Parameters: {"id"=>"1"}
  [1m[35mUser Load (0.3ms)[0m  SELECT "users".* FROM "users" WHERE "users"."id" = 1 LIMIT 1
  [1m[36mUser Load (0.1ms)[0m  [1mSELECT "users".* FROM "users" WHERE "users"."id" = ? LIMIT 1[0m  [["id", "1"]]
  Rendered users/_form.html.erb (541.3ms)
  Rendered users/edit.html.erb within layouts/application (546.0ms)
  [1m[35m (0.1ms)[0m  SELECT COUNT(*) FROM "projects" 
  [1m[36mCACHE (0.0ms)[0m  [1mSELECT COUNT(*) FROM "projects" [0m
  Rendered layouts/_projects.html.erb (2.9ms)
  Rendered layouts/_menu_box.html.erb (3.8ms)
  [1m[35m (0.1ms)[0m  SELECT COUNT(*) FROM "hosts" 
  [1m[36mCACHE (0.0ms)[0m  [1mSELECT COUNT(*) FROM "hosts" [0m
  Rendered layouts/_hosts.html.erb (1.6ms)
  Rendered layouts/_menu_box.html.erb (2.5ms)
  [1m[35m (0.1ms)[0m  SELECT COUNT(*) FROM "recipes" 
  [1m[36mCACHE (0.0ms)[0m  [1mSELECT COUNT(*) FROM "recipes" [0m
  [1m[35mCACHE (0.0ms)[0m  SELECT COUNT(*) FROM "recipes" 
  Rendered layouts/_recipes.html.erb (1.5ms)
  Rendered layouts/_menu_box.html.erb (2.3ms)
  [1m[36m (0.1ms)[0m  [1mSELECT COUNT(*) FROM "users" [0m
  [1m[35mCACHE (0.0ms)[0m  SELECT COUNT(*) FROM "users" 
  [1m[36mUser Load (0.2ms)[0m  [1mSELECT "users".* FROM "users" ORDER BY login ASC[0m
  [1m[35mCACHE (0.0ms)[0m  SELECT COUNT(*) FROM "users" 
  Rendered layouts/_users.html.erb (1.9ms)
  Rendered layouts/_menu_box.html.erb (2.8ms)
  Rendered layouts/_menu.html.erb (15.1ms)
Completed 200 OK in 571ms (Views: 567.1ms | ActiveRecord: 1.0ms)


Started PUT "/users/1" for 127.0.0.1 at 2012-12-31 14:49:15 +0900
Processing by UsersController#update as HTML
  Parameters: {"utf8"=>"âœ“", "authenticity_token"=>"Z+0TqRkxDcZZY0aM6kqzKHqJH29jDi78SZKeeuUVe/w=", "user"=>{"login"=>"admin", "email"=>"admin@example.com", "password"=>"[FILTERED]", "password_confirmation"=>"[FILTERED]", "time_zone"=>"UTC", "admin"=>"1"}, "commit"=>"æ›´æ–°ã™ã‚‹", "id"=>"1"}
  [1m[36mUser Load (0.3ms)[0m  [1mSELECT "users".* FROM "users" WHERE "users"."id" = 1 LIMIT 1[0m
  [1m[35mUser Load (0.1ms)[0m  SELECT "users".* FROM "users" WHERE "users"."id" = ? LIMIT 1  [["id", "1"]]
  [1m[36m (0.0ms)[0m  [1mbegin transaction[0m
  [1m[35mUser Exists (0.2ms)[0m  SELECT 1 AS one FROM "users" WHERE (LOWER("users"."login") = LOWER('admin') AND "users"."id" != 1) LIMIT 1
  [1m[36mUser Load (0.1ms)[0m  [1mSELECT "users".* FROM "users" WHERE "users"."id" = ? LIMIT 1[0m  [["id", 1]]
  [1m[35m (0.1ms)[0m  rollback transaction
  Rendered layouts/_flash_error.html.erb (0.5ms)
  Rendered users/_form.html.erb (35.8ms)
  Rendered users/edit.html.erb within layouts/application (39.5ms)
  [1m[36m (0.1ms)[0m  [1mSELECT COUNT(*) FROM "projects" [0m
  [1m[35mCACHE (0.0ms)[0m  SELECT COUNT(*) FROM "projects" 
  Rendered layouts/_projects.html.erb (3.0ms)
  Rendered layouts/_menu_box.html.erb (3.9ms)
  [1m[36m (0.1ms)[0m  [1mSELECT COUNT(*) FROM "hosts" [0m
  [1m[35mCACHE (0.0ms)[0m  SELECT COUNT(*) FROM "hosts" 
  Rendered layouts/_hosts.html.erb (1.8ms)
  Rendered layouts/_menu_box.html.erb (2.6ms)
  [1m[36m (0.1ms)[0m  [1mSELECT COUNT(*) FROM "recipes" [0m
  [1m[35mCACHE (0.0ms)[0m  SELECT COUNT(*) FROM "recipes" 
  [1m[36mCACHE (0.0ms)[0m  [1mSELECT COUNT(*) FROM "recipes" [0m
  Rendered layouts/_recipes.html.erb (1.5ms)
  Rendered layouts/_menu_box.html.erb (2.3ms)
  [1m[35m (0.1ms)[0m  SELECT COUNT(*) FROM "users" 
  [1m[36mCACHE (0.0ms)[0m  [1mSELECT COUNT(*) FROM "users" [0m
  [1m[35mUser Load (0.1ms)[0m  SELECT "users".* FROM "users" ORDER BY login ASC
  [1m[36mCACHE (0.0ms)[0m  [1mSELECT COUNT(*) FROM "users" [0m
  Rendered layouts/_users.html.erb (1.9ms)
  Rendered layouts/_menu_box.html.erb (2.7ms)
  Rendered layouts/_menu.html.erb (15.3ms)
Completed 200 OK in 373ms (Views: 60.9ms | ActiveRecord: 0.6ms)


Started GET "/projects/new" for 127.0.0.1 at 2012-12-31 14:49:20 +0900
Processing by ProjectsController#new as HTML
  [1m[35mUser Load (0.3ms)[0m  SELECT "users".* FROM "users" WHERE "users"."id" = 1 LIMIT 1
  Rendered projects/_form.html.erb (3.3ms)
  Rendered projects/new.html.erb within layouts/application (8.1ms)
  [1m[36m (0.1ms)[0m  [1mSELECT COUNT(*) FROM "projects" [0m
  [1m[35mCACHE (0.0ms)[0m  SELECT COUNT(*) FROM "projects" 
  Rendered layouts/_projects.html.erb (3.0ms)
  Rendered layouts/_menu_box.html.erb (3.9ms)
  [1m[36m (0.1ms)[0m  [1mSELECT COUNT(*) FROM "hosts" [0m
  [1m[35mCACHE (0.0ms)[0m  SELECT COUNT(*) FROM "hosts" 
  Rendered layouts/_hosts.html.erb (1.7ms)
  Rendered layouts/_menu_box.html.erb (2.5ms)
  [1m[36m (0.1ms)[0m  [1mSELECT COUNT(*) FROM "recipes" [0m
  [1m[35mCACHE (0.0ms)[0m  SELECT COUNT(*) FROM "recipes" 
  [1m[36mCACHE (0.0ms)[0m  [1mSELECT COUNT(*) FROM "recipes" [0m
  Rendered layouts/_recipes.html.erb (1.5ms)
  Rendered layouts/_menu_box.html.erb (2.3ms)
  [1m[35m (0.1ms)[0m  SELECT COUNT(*) FROM "users" 
  [1m[36mCACHE (0.0ms)[0m  [1mSELECT COUNT(*) FROM "users" [0m
  [1m[35mUser Load (0.1ms)[0m  SELECT "users".* FROM "users" ORDER BY login ASC
  [1m[36mCACHE (0.0ms)[0m  [1mSELECT COUNT(*) FROM "users" [0m
  Rendered layouts/_users.html.erb (1.9ms)
  Rendered layouts/_menu_box.html.erb (2.8ms)
  Rendered layouts/_menu.html.erb (15.1ms)
Completed 200 OK in 92ms (Views: 29.1ms | ActiveRecord: 0.9ms)


Started GET "/hosts/new" for 127.0.0.1 at 2012-12-31 14:49:22 +0900
Processing by HostsController#new as HTML
  [1m[35mUser Load (0.2ms)[0m  SELECT "users".* FROM "users" WHERE "users"."id" = 1 LIMIT 1
  Rendered hosts/_form.html.erb (1.6ms)
  Rendered hosts/new.html.erb within layouts/application (6.4ms)
  [1m[36m (0.1ms)[0m  [1mSELECT COUNT(*) FROM "projects" [0m
  [1m[35mCACHE (0.0ms)[0m  SELECT COUNT(*) FROM "projects" 
  Rendered layouts/_projects.html.erb (2.9ms)
  Rendered layouts/_menu_box.html.erb (3.8ms)
  [1m[36m (0.1ms)[0m  [1mSELECT COUNT(*) FROM "hosts" [0m
  [1m[35mCACHE (0.0ms)[0m  SELECT COUNT(*) FROM "hosts" 
  Rendered layouts/_hosts.html.erb (1.7ms)
  Rendered layouts/_menu_box.html.erb (2.6ms)
  [1m[36m (0.1ms)[0m  [1mSELECT COUNT(*) FROM "recipes" [0m
  [1m[35mCACHE (0.0ms)[0m  SELECT COUNT(*) FROM "recipes" 
  [1m[36mCACHE (0.0ms)[0m  [1mSELECT COUNT(*) FROM "recipes" [0m
  Rendered layouts/_recipes.html.erb (1.4ms)
  Rendered layouts/_menu_box.html.erb (2.3ms)
  [1m[35m (0.1ms)[0m  SELECT COUNT(*) FROM "users" 
  [1m[36mCACHE (0.0ms)[0m  [1mSELECT COUNT(*) FROM "users" [0m
  [1m[35mUser Load (0.1ms)[0m  SELECT "users".* FROM "users" ORDER BY login ASC
  [1m[36mCACHE (0.0ms)[0m  [1mSELECT COUNT(*) FROM "users" [0m
  Rendered layouts/_users.html.erb (1.9ms)
  Rendered layouts/_menu_box.html.erb (2.8ms)
  Rendered layouts/_menu.html.erb (15.0ms)
Completed 200 OK in 37ms (Views: 28.4ms | ActiveRecord: 0.8ms)


Started GET "/recipes/new" for 127.0.0.1 at 2012-12-31 14:49:23 +0900
Processing by RecipesController#new as HTML
  [1m[35mUser Load (0.2ms)[0m  SELECT "users".* FROM "users" WHERE "users"."id" = 1 LIMIT 1
  Rendered recipes/_preview.html.erb (6.8ms)
  Rendered recipes/_form.html.erb (11.2ms)
  Rendered recipes/new.html.erb within layouts/application (15.7ms)
  [1m[36m (0.1ms)[0m  [1mSELECT COUNT(*) FROM "projects" [0m
  [1m[35mCACHE (0.0ms)[0m  SELECT COUNT(*) FROM "projects" 
  Rendered layouts/_projects.html.erb (2.9ms)
  Rendered layouts/_menu_box.html.erb (3.8ms)
  [1m[36m (0.1ms)[0m  [1mSELECT COUNT(*) FROM "hosts" [0m
  [1m[35mCACHE (0.0ms)[0m  SELECT COUNT(*) FROM "hosts" 
  Rendered layouts/_hosts.html.erb (1.7ms)
  Rendered layouts/_menu_box.html.erb (2.5ms)
  [1m[36m (0.1ms)[0m  [1mSELECT COUNT(*) FROM "recipes" [0m
  [1m[35mCACHE (0.0ms)[0m  SELECT COUNT(*) FROM "recipes" 
  [1m[36mCACHE (0.0ms)[0m  [1mSELECT COUNT(*) FROM "recipes" [0m
  Rendered layouts/_recipes.html.erb (1.5ms)
  Rendered layouts/_menu_box.html.erb (2.4ms)
  [1m[35m (0.1ms)[0m  SELECT COUNT(*) FROM "users" 
  [1m[36mCACHE (0.0ms)[0m  [1mSELECT COUNT(*) FROM "users" [0m
  [1m[35mUser Load (0.1ms)[0m  SELECT "users".* FROM "users" ORDER BY login ASC
  [1m[36mCACHE (0.0ms)[0m  [1mSELECT COUNT(*) FROM "users" [0m
  Rendered layouts/_users.html.erb (2.0ms)
  Rendered layouts/_menu_box.html.erb (2.8ms)
  Rendered layouts/_menu.html.erb (15.1ms)
Completed 200 OK in 48ms (Views: 37.3ms | ActiveRecord: 0.8ms)


Started GET "/recipes/preview?recipe=&_=1356932964548" for 127.0.0.1 at 2012-12-31 14:49:24 +0900
Processing by RecipesController#preview as HTML
  Parameters: {"recipe"=>"", "_"=>"1356932964548"}
  [1m[35mUser Load (0.2ms)[0m  SELECT "users".* FROM "users" WHERE "users"."id" = 1 LIMIT 1
  Rendered recipes/_preview.html.erb (1.3ms)
Completed 200 OK in 5ms (Views: 2.3ms | ActiveRecord: 0.2ms)


Started GET "/recipes/preview?recipe=&_=1356932965548" for 127.0.0.1 at 2012-12-31 14:49:25 +0900
Processing by RecipesController#preview as HTML
  Parameters: {"recipe"=>"", "_"=>"1356932965548"}
  [1m[36mUser Load (0.2ms)[0m  [1mSELECT "users".* FROM "users" WHERE "users"."id" = 1 LIMIT 1[0m
  Rendered recipes/_preview.html.erb (1.3ms)
Completed 200 OK in 3ms (Views: 2.0ms | ActiveRecord: 0.2ms)


Started GET "/recipes/preview?recipe=&_=1356932966549" for 127.0.0.1 at 2012-12-31 14:49:26 +0900
Processing by RecipesController#preview as HTML
  Parameters: {"recipe"=>"", "_"=>"1356932966549"}
  [1m[35mUser Load (0.2ms)[0m  SELECT "users".* FROM "users" WHERE "users"."id" = 1 LIMIT 1
  Rendered recipes/_preview.html.erb (57.9ms)
Completed 200 OK in 60ms (Views: 58.8ms | ActiveRecord: 0.2ms)
Connecting to database specified by database.yml
Connecting to database specified by database.yml
